{"D:\\Gaadi Booking\\gadibookingAPI\\model\\seatselection_model.js": {"path":"D:\\Gaadi Booking\\gadibookingAPI\\model\\seatselection_model.js","statementMap":{"0":{"start":{"line":1,"column":15},"end":{"line":1,"column":34}},"1":{"start":{"line":2,"column":22},"end":{"line":38,"column":2}},"2":{"start":{"line":40,"column":0},"end":{"line":40,"column":29}}},"fnMap":{},"branchMap":{},"s":{"0":1,"1":1,"2":1},"f":{},"b":{},"_coverageSchema":"1a1c01bbd47fc00a2c39e90264f33305004495a9","hash":"ce7e6cb5677051724815f92672afa19be4a59551"}
}
